#
# There is insufficient memory for the Java Runtime Environment to continue.
# Native memory allocation (mmap) failed to map 524288000 bytes for G1 virtual space
# Possible reasons:
#   The system is out of physical RAM or swap space
#   The process is running with CompressedOops enabled, and the Java Heap may be blocking the growth of the native heap
# Possible solutions:
#   Reduce memory load on the system
#   Increase physical memory or swap space
#   Check if swap backing store is full
#   Decrease Java heap size (-Xmx/-Xms)
#   Decrease number of Java threads
#   Decrease Java thread stack sizes (-Xss)
#   Set larger code cache with -XX:ReservedCodeCacheSize=
#   JVM is running with Zero Based Compressed Oops mode in which the Java heap is
#     placed in the first 32GB address space. The Java Heap base address is the
#     maximum limit for the native heap growth. Please use -XX:HeapBaseMinAddress
#     to set the Java Heap base and to place the Java Heap above 32GB virtual address.
# This output file may be truncated or incomplete.
#
#  Out of Memory Error (os_windows.cpp:3603), pid=174904, tid=174892
#
# JRE version:  (21.0.7+8) (build )
# Java VM: Java HotSpot(TM) 64-Bit Server VM (21.0.7+8-LTS-245, mixed mode, sharing, tiered, compressed oops, compressed class ptrs, g1 gc, windows-amd64)
# No core dump will be written. Minidumps are not enabled by default on client versions of Windows
#

---------------  S U M M A R Y ------------

Command Line: 

Host: AMD Ryzen 9 7900 12-Core Processor             , 24 cores, 31G,  Windows 11 , 64 bit Build 26100 (10.0.26100.4768)
Time: Sun Aug 17 18:39:21 2025  Windows 11 , 64 bit Build 26100 (10.0.26100.4768) elapsed time: 0.012009 seconds (0d 0h 0m 0s)

---------------  T H R E A D  ---------------

Current thread (0x000001c68661fcc0):  JavaThread "Unknown thread" [_thread_in_vm, id=174892, stack(0x000000b108500000,0x000000b108600000) (1024K)]

Stack: [0x000000b108500000,0x000000b108600000]
Native frames: (J=compiled Java code, j=interpreted, Vv=VM code, C=native code)
V  [jvm.dll+0x6cae19]
V  [jvm.dll+0x855741]
V  [jvm.dll+0x857c6e]
V  [jvm.dll+0x858343]
V  [jvm.dll+0x27e0b6]
V  [jvm.dll+0x6c7595]
V  [jvm.dll+0x6bc0fa]
V  [jvm.dll+0x353eaa]
V  [jvm.dll+0x35bb26]
V  [jvm.dll+0x3ae52e]
V  [jvm.dll+0x3ae7d8]
V  [jvm.dll+0x3281bc]
V  [jvm.dll+0x328d1b]
V  [jvm.dll+0x81eaf9]
V  [jvm.dll+0x3bb211]
V  [jvm.dll+0x807d78]
V  [jvm.dll+0x4503ee]
V  [jvm.dll+0x451fe1]
C  [jli.dll+0x52a3]
C  [ucrtbase.dll+0x37b0]
C  [KERNEL32.DLL+0x2e8d7]
C  [ntdll.dll+0x3c34c]


---------------  P R O C E S S  ---------------

Threads class SMR info:
_java_thread_list=0x00007ffe742ccc48, length=0, elements={
}

Java Threads: ( => current thread )
Total: 0

Other Threads:
  0x000001c68899f530 WorkerThread "GC Thread#0"                     [id=173012, stack(0x000000b108600000,0x000000b108700000) (1024K)]
  0x000001c6889b1c90 ConcurrentGCThread "G1 Main Marker"            [id=171588, stack(0x000000b108700000,0x000000b108800000) (1024K)]
  0x000001c6889b2e40 WorkerThread "G1 Conc#0"                       [id=171372, stack(0x000000b108800000,0x000000b108900000) (1024K)]

[error occurred during error reporting (printing all threads), id 0xc0000005, EXCEPTION_ACCESS_VIOLATION (0xc0000005) at pc=0x00007ffe73a3a947]
VM state: not at safepoint (not fully initialized)

VM Mutex/Monitor currently owned by a thread:  ([mutex/lock_event])
[0x00007ffe7433df50] Heap_lock - owner thread: 0x000001c68661fcc0

Heap address: 0x000000060d800000, size: 7976 MB, Compressed Oops mode: Zero based, Oop shift amount: 3

CDS archive(s) mapped at: [0x0000000000000000-0x0000000000000000-0x0000000000000000), size 0, SharedBaseAddress: 0x0000000800000000, ArchiveRelocationMode: 1.
Narrow klass base: 0x0000000000000000, Narrow klass shift: 0, Narrow klass range: 0x0

GC Precious Log:
 CardTable entry size: 512
 Card Set container configuration: InlinePtr #cards 4 size 8 Array Of Cards #cards 32 size 80 Howl #buckets 8 coarsen threshold 7372 Howl Bitmap #cards 1024 size 144 coarsen threshold 921 Card regions per heap region 1 cards per card region 8192

Heap:
 garbage-first heap   total 0K, used 0K [0x000000060d800000, 0x0000000800000000)
  region size 4096K, 0 young (0K), 0 survivors (0K)

[error occurred during error reporting (printing heap information), id 0xc0000005, EXCEPTION_ACCESS_VIOLATION (0xc0000005) at pc=0x00007ffe73e23e79]
GC Heap History (0 events):
No events

Dll operation events (1 events):
Event: 0.006 Loaded shared library C:\Program Files\Java\jdk-21\bin\java.dll

Deoptimization events (0 events):
No events

Classes loaded (0 events):
No events

Classes unloaded (0 events):
No events

Classes redefined (0 events):
No events

Internal exceptions (0 events):
No events

ZGC Phase Switch (0 events):
No events

VM Operations (0 events):
No events

Events (0 events):
No events


Dynamic libraries:
0x00007ff679b80000 - 0x00007ff679b90000 	C:\Program Files\Java\jdk-21\bin\java.exe
0x00007fff218a0000 - 0x00007fff21b07000 	C:\WINDOWS\SYSTEM32\ntdll.dll
0x00007fff20570000 - 0x00007fff20639000 	C:\WINDOWS\System32\KERNEL32.DLL
0x00007fff1ebb0000 - 0x00007fff1efa0000 	C:\WINDOWS\System32\KERNELBASE.dll
0x00007fff1efb0000 - 0x00007fff1f0fb000 	C:\WINDOWS\System32\ucrtbase.dll
0x00007fff07710000 - 0x00007fff07729000 	C:\Program Files\Java\jdk-21\bin\jli.dll
0x00007fff07670000 - 0x00007fff0768b000 	C:\Program Files\Java\jdk-21\bin\VCRUNTIME140.dll
0x00007fff217a0000 - 0x00007fff21854000 	C:\WINDOWS\System32\ADVAPI32.dll
0x00007fff21080000 - 0x00007fff21129000 	C:\WINDOWS\System32\msvcrt.dll
0x00007fff1f9b0000 - 0x00007fff1fa56000 	C:\WINDOWS\System32\sechost.dll
0x00007fff20a60000 - 0x00007fff20b78000 	C:\WINDOWS\System32\RPCRT4.dll
0x00007fff1f6e0000 - 0x00007fff1f8a5000 	C:\WINDOWS\System32\USER32.dll
0x00007fff1f600000 - 0x00007fff1f627000 	C:\WINDOWS\System32\win32u.dll
0x00007fff1f6b0000 - 0x00007fff1f6db000 	C:\WINDOWS\System32\GDI32.dll
0x00007fff1f400000 - 0x00007fff1f538000 	C:\WINDOWS\System32\gdi32full.dll
0x00007fff0b1f0000 - 0x00007fff0b48a000 	C:\WINDOWS\WinSxS\amd64_microsoft.windows.common-controls_6595b64144ccf1df_6.0.26100.4768_none_3e0c112ce331287c\COMCTL32.dll
0x00007fff1eb00000 - 0x00007fff1eba3000 	C:\WINDOWS\System32\msvcp_win.dll
0x00007fff18270000 - 0x00007fff1827b000 	C:\WINDOWS\SYSTEM32\VERSION.dll
0x00007fff20830000 - 0x00007fff2085f000 	C:\WINDOWS\System32\IMM32.DLL
0x00007fff07700000 - 0x00007fff0770c000 	C:\Program Files\Java\jdk-21\bin\vcruntime140_1.dll
0x00007ffef3f70000 - 0x00007ffef3ffe000 	C:\Program Files\Java\jdk-21\bin\msvcp140.dll
0x00007ffe73700000 - 0x00007ffe7441a000 	C:\Program Files\Java\jdk-21\bin\server\jvm.dll
0x00007fff21230000 - 0x00007fff212a4000 	C:\WINDOWS\System32\WS2_32.dll
0x00007fff1e3c0000 - 0x00007fff1e41e000 	C:\WINDOWS\SYSTEM32\POWRPROF.dll
0x00007fff127b0000 - 0x00007fff127e5000 	C:\WINDOWS\SYSTEM32\WINMM.dll
0x00007fff1e290000 - 0x00007fff1e2a4000 	C:\WINDOWS\SYSTEM32\UMPDC.dll
0x00007fff1d750000 - 0x00007fff1d76b000 	C:\WINDOWS\SYSTEM32\kernel.appcore.dll
0x00007fff07660000 - 0x00007fff0766a000 	C:\Program Files\Java\jdk-21\bin\jimage.dll
0x00007fff167a0000 - 0x00007fff169e1000 	C:\WINDOWS\SYSTEM32\DBGHELP.DLL
0x00007fff20cf0000 - 0x00007fff21075000 	C:\WINDOWS\System32\combase.dll
0x00007fff206d0000 - 0x00007fff207b0000 	C:\WINDOWS\System32\OLEAUT32.dll
0x00007fff0a090000 - 0x00007fff0a0d3000 	C:\WINDOWS\SYSTEM32\dbgcore.DLL
0x00007fff1e9d0000 - 0x00007fff1ea69000 	C:\WINDOWS\System32\bcryptPrimitives.dll
0x00007fff07630000 - 0x00007fff0764f000 	C:\Program Files\Java\jdk-21\bin\java.dll

dbghelp: loaded successfully - version: 4.0.5 - missing functions: none
symbol engine: initialized successfully - sym options: 0x614 - pdb path: .;C:\Program Files\Java\jdk-21\bin;C:\WINDOWS\SYSTEM32;C:\WINDOWS\WinSxS\amd64_microsoft.windows.common-controls_6595b64144ccf1df_6.0.26100.4768_none_3e0c112ce331287c;C:\Program Files\Java\jdk-21\bin\server

VM Arguments:
java_command: <unknown>
java_class_path (initial): <not set>
Launcher Type: SUN_STANDARD

[Global flags]
     intx CICompilerCount                          = 12                                        {product} {ergonomic}
     uint ConcGCThreads                            = 5                                         {product} {ergonomic}
     uint G1ConcRefinementThreads                  = 18                                        {product} {ergonomic}
   size_t G1HeapRegionSize                         = 4194304                                   {product} {ergonomic}
    uintx GCDrainStackTargetSize                   = 64                                        {product} {ergonomic}
   size_t InitialHeapSize                          = 524288000                                 {product} {ergonomic}
   size_t MarkStackSize                            = 4194304                                   {product} {ergonomic}
   size_t MaxHeapSize                              = 8363442176                                {product} {ergonomic}
   size_t MinHeapDeltaBytes                        = 4194304                                   {product} {ergonomic}
   size_t MinHeapSize                              = 8388608                                   {product} {ergonomic}
    uintx NonNMethodCodeHeapSize                   = 7602480                                {pd product} {ergonomic}
    uintx NonProfiledCodeHeapSize                  = 122027880                              {pd product} {ergonomic}
    uintx ProfiledCodeHeapSize                     = 122027880                              {pd product} {ergonomic}
    uintx ReservedCodeCacheSize                    = 251658240                              {pd product} {ergonomic}
     bool SegmentedCodeCache                       = true                                      {product} {ergonomic}
   size_t SoftMaxHeapSize                          = 8363442176                             {manageable} {ergonomic}
     bool UseCompressedOops                        = true                           {product lp64_product} {ergonomic}
     bool UseG1GC                                  = true                                      {product} {ergonomic}
     bool UseLargePagesIndividualAllocation        = false                                  {pd product} {ergonomic}

Logging:
Log output configuration:
 #0: stdout all=warning uptime,level,tags foldmultilines=false
 #1: stderr all=off uptime,level,tags foldmultilines=false

Environment Variables:
PATH=C:\project\oneday-chat\node_modules\.bin;C:\project\oneday-chat\node_modules\.bin;C:\project\node_modules\.bin;C:\node_modules\.bin;C:\Program Files\nodejs\node_modules\npm\node_modules\@npmcli\run-script\lib\node-gyp-bin;C:\Program Files\Common Files\Oracle\Java\javapath;c:\Users\lhs\AppData\Local\Programs\cursor\resources\app\bin;C:\WINDOWS.X64_193000_db_home\bin;C:\WINDOWS\system32;C:\WINDOWS;C:\WINDOWS\System32\Wbem;C:\WINDOWS\System32\WindowsPowerShell\v1.0\;C:\WINDOWS\System32\OpenSSH\;C:\Program Files\Bandizip\;C:\Program Files (x86)\NVIDIA Corporation\PhysX\Common;C:\Program Files\Docker\Docker\resources\bin;C:\Program Files\Git\cmd;C:\Program Files\dotnet\;C:\Program Files\nodejs\;C:\Users\lhs\AppData\Local\Microsoft\WindowsApps;C:\Program Files\JetBrains\IntelliJ IDEA 2024.2.3\bin;C:\Program Files\JetBrains\DataGrip 2024.2.2\bin;C:\Users\lhs\AppData\Local\Programs\cursor\resources\app\bin;C:\Users\lhs\AppData\Roaming\npm;C:\Program Files (x86)\ESTsoft\ALSee\x64;c:\Users\lhs\AppData\Local\Programs\cursor\resources\app\bin;C:\flutter\bin;C:\Program Files\NVIDIA Corporation\NVIDIA App\NvDLISR;C:\Program Files\Android\Android Studio\bin;C:\Users\lhs\AppData\Local\Microsoft\WindowsApps;;C:\Program Files\JetBrains\IntelliJ IDEA 2024.2.3\bin;;C:\Program Files\JetBrains\DataGrip 2024.2.2\bin;;C:\Users\lhs\AppData\Local\Programs\cursor\resources\app\bin;C:\Users\lhs\AppData\Roaming\npm;C:\Users\lhs\AppData\Local\Programs\Microsoft VS Code\bin
USERNAME=lhs
LANG=en_US.UTF-8
OS=Windows_NT
PROCESSOR_IDENTIFIER=AMD64 Family 25 Model 97 Stepping 2, AuthenticAMD
TMP=C:\Users\lhs\AppData\Local\Temp
TEMP=C:\Users\lhs\AppData\Local\Temp




Periodic native trim disabled

---------------  S Y S T E M  ---------------

OS:
 Windows 11 , 64 bit Build 26100 (10.0.26100.4768)
OS uptime: 1 days 17:46 hours

CPU: total 24 (initial active 24) (24 cores per cpu, 2 threads per core) family 25 model 97 stepping 2 microcode 0xa601206, cx8, cmov, fxsr, ht, mmx, 3dnowpref, sse, sse2, sse3, ssse3, sse4a, sse4.1, sse4.2, popcnt, lzcnt, tsc, tscinvbit, avx, avx2, aes, erms, clmul, bmi1, bmi2, adx, avx512f, avx512dq, avx512cd, avx512bw, avx512vl, sha, fma, vzeroupper, avx512_vpopcntdq, avx512_vpclmulqdq, avx512_vaes, avx512_vnni, clflush, clflushopt, avx512_vbmi2, avx512_vbmi, rdtscp, rdpid, fsrm, gfni, avx512_bitalg, f16c, pku, cet_ss, avx512_ifma
Processor Information for all 24 processors :
  Max Mhz: 3701, Current Mhz: 3701, Mhz Limit: 3701

Memory: 4k page, system-wide physical 31892M (425M free)
TotalPageFile size 85589M (AvailPageFile size 395M)
current process WorkingSet (physical memory assigned to process): 13M, peak: 13M
current process commit charge ("private bytes"): 81M, peak: 581M

vm_info: Java HotSpot(TM) 64-Bit Server VM (21.0.7+8-LTS-245) for windows-amd64 JRE (21.0.7+8-LTS-245), built on 2025-02-21T05:11:27Z by "mach5one" with MS VC++ 17.6 (VS2022)

END.
